OpenJDK 64-Bit Server VM warning: Option UseConcMarkSweepGC was deprecated in version 9.0 and will likely be removed in a future release.
2020-11-14 12:07:44,302 [   2728]   WARN - Container.ComponentManagerImpl - Do not use constructor injection (requestorClass=org.jetbrains.android.compose.AndroidComposeAutoDocumentation) 
2020-11-14 12:07:45,248 [   3674]   WARN - tartup.impl.StartupManagerImpl - Activities registered via registerPostStartupActivity must be dumb-aware: org.jetbrains.kotlin.idea.configuration.ui.KotlinConfigurationCheckerComponent$projectOpened$1@965d5eb 
2020-11-14 12:07:48,334 [   6760]   WARN - com.intellij.util.xmlb.Binding - no accessors for org.jetbrains.kotlin.idea.highlighter.KotlinDefaultHighlightingSettingsProvider 
2020-11-14 12:08:10,072 [  28498]   WARN - ion.impl.NotificationCollector - Notification group 'Heap Dump Analysis' is already registered in whitelist 
2020-11-14 12:08:10,072 [  28498]   WARN - ion.impl.NotificationCollector - Notification group 'Low Memory' is already registered in whitelist 
2020-11-14 12:21:39,625 [ 838051]   WARN - com.intellij.util.xmlb.Binding - no accessors for org.jetbrains.kotlin.idea.scripting.gradle.GradleScriptInputsWatcher$Storage 
2020-11-14 12:21:39,638 [ 838064]   WARN - com.intellij.util.xmlb.Binding - no accessors for org.jetbrains.kotlin.idea.core.script.configuration.utils.ScriptClassRootsStorage 
2020-11-14 13:19:51,509 [4329935]   WARN - util.DeprecatedMethodException - The default implementation of method 'com.intellij.execution.configurations.ConfigurationFactory.getId' is deprecated, you need to override it in 'class org.jetbrains.kotlin.idea.nodejs.protractor.KotlinProtractorConfigurationType$1'. The default implementation delegates to 'getName' which may be localized but return value of this method must not depend on current localization. 
com.intellij.util.DeprecatedMethodException: The default implementation of method 'com.intellij.execution.configurations.ConfigurationFactory.getId' is deprecated, you need to override it in 'class org.jetbrains.kotlin.idea.nodejs.protractor.KotlinProtractorConfigurationType$1'. The default implementation delegates to 'getName' which may be localized but return value of this method must not depend on current localization.
	at com.intellij.util.DeprecatedMethodException.reportDefaultImplementation(DeprecatedMethodException.java:38)
	at com.intellij.execution.configurations.ConfigurationFactory.getId(ConfigurationFactory.java:80)
	at com.intellij.execution.impl.RunManagerImplKt.getFactoryKey(RunManagerImpl.kt:1313)
	at com.intellij.execution.impl.RunManagerImplKt.access$getFactoryKey(RunManagerImpl.kt:1)
	at com.intellij.execution.impl.RunManagerImpl.getConfigurationTemplate(RunManagerImpl.kt:326)
	at com.intellij.execution.impl.RunManagerImpl.createConfiguration(RunManagerImpl.kt:251)
	at com.intellij.execution.actions.RunConfigurationProducer.cloneTemplateConfigurationStatic(RunConfigurationProducer.java:258)
	at com.intellij.execution.actions.RunConfigurationProducer.cloneTemplateConfiguration(RunConfigurationProducer.java:248)
	at com.intellij.execution.actions.RunConfigurationProducer.createConfigurationFromContext(RunConfigurationProducer.java:97)
	at com.intellij.execution.actions.RunConfigurationProducer.findOrCreateConfigurationFromContext(RunConfigurationProducer.java:198)
	at com.intellij.execution.actions.PreferredProducerFind.doGetConfigurationsFromContext(PreferredProducerFind.java:110)
	at com.intellij.execution.actions.PreferredProducerFind.getConfigurationsFromContext(PreferredProducerFind.java:93)
	at com.intellij.execution.actions.PreferredProducerFind.findConfigurationFromContext(PreferredProducerFind.java:135)
	at com.intellij.execution.actions.PreferredProducerFind.createConfiguration(PreferredProducerFind.java:32)
	at com.intellij.execution.actions.ConfigurationContext.createConfiguration(ConfigurationContext.java:160)
	at com.intellij.execution.actions.ConfigurationContext.getConfiguration(ConfigurationContext.java:151)
	at com.intellij.execution.actions.BaseRunConfigurationAction.fullUpdate(BaseRunConfigurationAction.java:238)
	at com.intellij.execution.actions.BaseRunConfigurationAction.update(BaseRunConfigurationAction.java:202)
	at com.intellij.openapi.actionSystem.ex.ActionUtil.performDumbAwareUpdate(ActionUtil.java:179)
	at com.intellij.openapi.actionSystem.impl.ActionUpdater.doUpdate(ActionUpdater.java:453)
	at com.intellij.openapi.actionSystem.impl.ActionUpdater.lambda$new$1(ActionUpdater.java:94)
	at com.intellij.openapi.actionSystem.impl.ActionUpdater.callAction(ActionUpdater.java:134)
	at com.intellij.openapi.actionSystem.impl.ActionUpdater.lambda$new$2(ActionUpdater.java:95)
	at com.intellij.openapi.actionSystem.impl.ActionUpdater.update(ActionUpdater.java:435)
	at com.intellij.openapi.actionSystem.impl.ActionUpdater.expandGroupChild(ActionUpdater.java:297)
	at com.intellij.openapi.actionSystem.impl.ActionUpdater.lambda$doExpandActionGroup$19(ActionUpdater.java:276)
	at com.intellij.util.containers.ContainerUtil.concat(ContainerUtil.java:1611)
	at com.intellij.openapi.actionSystem.impl.ActionUpdater.doExpandActionGroup(ActionUpdater.java:276)
	at com.intellij.openapi.actionSystem.impl.ActionUpdater.expandGroupChild(ActionUpdater.java:327)
	at com.intellij.openapi.actionSystem.impl.ActionUpdater.lambda$doExpandActionGroup$19(ActionUpdater.java:276)
	at com.intellij.util.containers.ContainerUtil.concat(ContainerUtil.java:1611)
	at com.intellij.openapi.actionSystem.impl.ActionUpdater.doExpandActionGroup(ActionUpdater.java:276)
	at com.intellij.openapi.actionSystem.impl.ActionUpdater.expandGroupChild(ActionUpdater.java:327)
	at com.intellij.openapi.actionSystem.impl.ActionUpdater.lambda$doExpandActionGroup$19(ActionUpdater.java:276)
	at com.intellij.util.containers.ContainerUtil.concat(ContainerUtil.java:1611)
	at com.intellij.openapi.actionSystem.impl.ActionUpdater.doExpandActionGroup(ActionUpdater.java:276)
	at com.intellij.openapi.actionSystem.impl.ActionUpdater.expandGroupChild(ActionUpdater.java:327)
	at com.intellij.openapi.actionSystem.impl.ActionUpdater.lambda$doExpandActionGroup$19(ActionUpdater.java:276)
	at com.intellij.util.containers.ContainerUtil.concat(ContainerUtil.java:1611)
	at com.intellij.openapi.actionSystem.impl.ActionUpdater.doExpandActionGroup(ActionUpdater.java:276)
	at com.intellij.openapi.actionSystem.impl.ActionUpdater.expandGroupChild(ActionUpdater.java:327)
	at com.intellij.openapi.actionSystem.impl.ActionUpdater.lambda$doExpandActionGroup$19(ActionUpdater.java:276)
	at com.intellij.util.containers.ContainerUtil.concat(ContainerUtil.java:1611)
	at com.intellij.openapi.actionSystem.impl.ActionUpdater.doExpandActionGroup(ActionUpdater.java:276)
	at com.intellij.openapi.actionSystem.impl.ActionUpdater.expandActionGroup(ActionUpdater.java:186)
	at com.intellij.openapi.actionSystem.impl.ActionUpdater.expandActionGroup(ActionUpdater.java:160)
	at com.intellij.openapi.actionSystem.impl.ActionUpdater.lambda$expandActionGroupWithTimeout$11(ActionUpdater.java:202)
	at com.intellij.openapi.progress.ProgressManager.lambda$runProcess$0(ProgressManager.java:56)
	at com.intellij.openapi.progress.impl.CoreProgressManager.lambda$runProcess$2(CoreProgressManager.java:170)
	at com.intellij.openapi.progress.impl.CoreProgressManager.registerIndicatorAndRun(CoreProgressManager.java:629)
	at com.intellij.openapi.progress.impl.CoreProgressManager.executeProcessUnderProgress(CoreProgressManager.java:581)
	at com.intellij.openapi.progress.impl.ProgressManagerImpl.executeProcessUnderProgress(ProgressManagerImpl.java:60)
	at com.intellij.openapi.progress.impl.CoreProgressManager.runProcess(CoreProgressManager.java:157)
	at com.intellij.openapi.progress.ProgressManager.runProcess(ProgressManager.java:56)
	at com.intellij.openapi.progress.util.ProgressIndicatorUtils.withTimeout(ProgressIndicatorUtils.java:307)
	at com.intellij.openapi.actionSystem.impl.ActionUpdater.expandActionGroupWithTimeout(ActionUpdater.java:202)
	at com.intellij.openapi.actionSystem.impl.ActionUpdater.expandActionGroupWithTimeout(ActionUpdater.java:194)
	at com.intellij.openapi.actionSystem.impl.Utils.fillMenu(Utils.java:98)
	at com.intellij.openapi.actionSystem.impl.ActionPopupMenuImpl$MyMenu.show(ActionPopupMenuImpl.java:118)
	at com.intellij.ui.PopupHandler$2.invokePopup(PopupHandler.java:88)
	at com.intellij.ui.PopupHandler.mousePressed(PopupHandler.java:40)
	at java.desktop/java.awt.AWTEventMulticaster.mousePressed(AWTEventMulticaster.java:288)
	at java.desktop/java.awt.AWTEventMulticaster.mousePressed(AWTEventMulticaster.java:287)
	at java.desktop/java.awt.Component.processMouseEvent(Component.java:6651)
	at java.desktop/javax.swing.JComponent.processMouseEvent(JComponent.java:3345)
	at com.intellij.ui.treeStructure.Tree.processMouseEvent(Tree.java:381)
	at com.intellij.ide.dnd.aware.DnDAwareTree.processMouseEvent(DnDAwareTree.java:44)
	at java.desktop/java.awt.Component.processEvent(Component.java:6419)
	at java.desktop/java.awt.Container.processEvent(Container.java:2263)
	at java.desktop/java.awt.Component.dispatchEventImpl(Component.java:5029)
	at java.desktop/java.awt.Container.dispatchEventImpl(Container.java:2321)
	at java.desktop/java.awt.Component.dispatchEvent(Component.java:4861)
	at java.desktop/java.awt.LightweightDispatcher.retargetMouseEvent(Container.java:4918)
	at java.desktop/java.awt.LightweightDispatcher.processMouseEvent(Container.java:4544)
	at java.desktop/java.awt.LightweightDispatcher.dispatchEvent(Container.java:4488)
	at java.desktop/java.awt.Container.dispatchEventImpl(Container.java:2307)
	at java.desktop/java.awt.Window.dispatchEventImpl(Window.java:2773)
	at java.desktop/java.awt.Component.dispatchEvent(Component.java:4861)
	at java.desktop/java.awt.EventQueue.dispatchEventImpl(EventQueue.java:778)
	at java.desktop/java.awt.EventQueue$4.run(EventQueue.java:727)
	at java.desktop/java.awt.EventQueue$4.run(EventQueue.java:721)
	at java.base/java.security.AccessController.doPrivileged(Native Method)
	at java.base/java.security.ProtectionDomain$JavaSecurityAccessImpl.doIntersectionPrivilege(ProtectionDomain.java:85)
	at java.base/java.security.ProtectionDomain$JavaSecurityAccessImpl.doIntersectionPrivilege(ProtectionDomain.java:95)
	at java.desktop/java.awt.EventQueue$5.run(EventQueue.java:751)
	at java.desktop/java.awt.EventQueue$5.run(EventQueue.java:749)
	at java.base/java.security.AccessController.doPrivileged(Native Method)
	at java.base/java.security.ProtectionDomain$JavaSecurityAccessImpl.doIntersectionPrivilege(ProtectionDomain.java:85)
	at java.desktop/java.awt.EventQueue.dispatchEvent(EventQueue.java:748)
	at com.intellij.ide.IdeEventQueue.defaultDispatchEvent(IdeEventQueue.java:971)
	at com.intellij.ide.IdeEventQueue.dispatchMouseEvent(IdeEventQueue.java:906)
	at com.intellij.ide.IdeEventQueue._dispatchEvent(IdeEventQueue.java:838)
	at com.intellij.ide.IdeEventQueue.lambda$dispatchEvent$8(IdeEventQueue.java:452)
	at com.intellij.openapi.progress.impl.CoreProgressManager.computePrioritized(CoreProgressManager.java:744)
	at com.intellij.ide.IdeEventQueue.lambda$dispatchEvent$9(IdeEventQueue.java:451)
	at com.intellij.openapi.application.impl.ApplicationImpl.runIntendedWriteActionOnCurrentThread(ApplicationImpl.java:802)
	at com.intellij.ide.IdeEventQueue.dispatchEvent(IdeEventQueue.java:505)
	at java.desktop/java.awt.EventDispatchThread.pumpOneEventForFilters(EventDispatchThread.java:203)
	at java.desktop/java.awt.EventDispatchThread.pumpEventsForFilter(EventDispatchThread.java:124)
	at java.desktop/java.awt.EventDispatchThread.pumpEventsForHierarchy(EventDispatchThread.java:113)
	at java.desktop/java.awt.EventDispatchThread.pumpEvents(EventDispatchThread.java:109)
	at java.desktop/java.awt.EventDispatchThread.pumpEvents(EventDispatchThread.java:101)
	at java.desktop/java.awt.EventDispatchThread.run(EventDispatchThread.java:90)
